<?xml version="1.0" encoding="UTF-8"?>
<testng-results skipped="0" failed="0" total="1" passed="1">
  <reporter-output>
  </reporter-output>
  <suite name="Suite" duration-ms="67704" started-at="2018-10-13T17:15:08Z" finished-at="2018-10-13T17:16:15Z">
    <groups>
    </groups>
    <test name="Test" duration-ms="67704" started-at="2018-10-13T17:15:08Z" finished-at="2018-10-13T17:16:15Z">
      <class name="TestRunner">
        <test-method status="PASS" signature="setUpClass()[pri:0, instance:TestRunner@4667ae56]" name="setUpClass" is-config="true" duration-ms="175" started-at="2018-10-13T22:45:08Z" finished-at="2018-10-13T22:45:08Z">
          <reporter-output>
          </reporter-output>
        </test-method> <!-- setUpClass -->
        <test-method status="PASS" signature="feature(cucumber.api.testng.CucumberFeatureWrapper)[pri:0, instance:TestRunner@4667ae56]" name="feature" duration-ms="67446" started-at="2018-10-13T22:45:08Z" description="Runs Cucumber Feature" data-provider="features" finished-at="2018-10-13T22:46:15Z">
          <params>
            <param index="0">
              <value>
                <![CDATA[Currency Converter Usecases]]>
              </value>
            </param>
          </params>
          <reporter-output>
          </reporter-output>
        </test-method> <!-- feature -->
        <test-method status="PASS" signature="tearDownClass()[pri:0, instance:TestRunner@4667ae56]" name="tearDownClass" is-config="true" duration-ms="13" started-at="2018-10-13T22:46:15Z" finished-at="2018-10-13T22:46:15Z">
          <reporter-output>
          </reporter-output>
        </test-method> <!-- tearDownClass -->
      </class> <!-- TestRunner -->
    </test> <!-- Test -->
  </suite> <!-- Suite -->
</testng-results>
