<?xml version="1.0" encoding="UTF-8"?>
<testng-results skipped="0" failed="0" total="1" passed="1">
  <reporter-output>
  </reporter-output>
  <suite name="Suite" duration-ms="63200" started-at="2018-10-13T17:18:25Z" finished-at="2018-10-13T17:19:28Z">
    <groups>
    </groups>
    <test name="Test" duration-ms="63200" started-at="2018-10-13T17:18:25Z" finished-at="2018-10-13T17:19:28Z">
      <class name="TestRunner">
        <test-method status="PASS" signature="setUpClass()[pri:0, instance:TestRunner@2096442d]" name="setUpClass" is-config="true" duration-ms="170" started-at="2018-10-13T22:48:25Z" finished-at="2018-10-13T22:48:25Z">
          <reporter-output>
          </reporter-output>
        </test-method> <!-- setUpClass -->
        <test-method status="PASS" signature="feature(cucumber.api.testng.CucumberFeatureWrapper)[pri:0, instance:TestRunner@2096442d]" name="feature" duration-ms="62947" started-at="2018-10-13T22:48:25Z" description="Runs Cucumber Feature" data-provider="features" finished-at="2018-10-13T22:49:28Z">
          <params>
            <param index="0">
              <value>
                <![CDATA[Currency Converter Usecases]]>
              </value>
            </param>
          </params>
          <reporter-output>
          </reporter-output>
        </test-method> <!-- feature -->
        <test-method status="PASS" signature="tearDownClass()[pri:0, instance:TestRunner@2096442d]" name="tearDownClass" is-config="true" duration-ms="11" started-at="2018-10-13T22:49:28Z" finished-at="2018-10-13T22:49:28Z">
          <reporter-output>
          </reporter-output>
        </test-method> <!-- tearDownClass -->
      </class> <!-- TestRunner -->
    </test> <!-- Test -->
  </suite> <!-- Suite -->
</testng-results>
